0 verbose cli /usr/bin/node /usr/bin/npm
1 info using npm@10.9.4
2 info using node@v22.22.0
3 silly config load:file:/usr/lib/node_modules/npm/npmrc
4 silly config load:file:/home/v0id/.npmrc
5 silly config load:file:/home/v0id/.npm-global/etc/npmrc
6 verbose title npm install pnpm
7 verbose argv "install" "--global" "pnpm"
8 verbose logfile logs-max:10 dir:/home/v0id/.npm/_logs/2026-03-04T02_44_34_589Z-
9 verbose logfile /home/v0id/.npm/_logs/2026-03-04T02_44_34_589Z-debug-0.log
10 silly packumentCache heap:2103443456 maxSize:525860864 maxEntrySize:262930432
11 silly logfile done cleaning log files
12 silly idealTree buildDeps
13 silly fetch manifest pnpm@*
14 silly packumentCache full:https://registry.npmjs.org/pnpm cache-miss
15 http cache https://registry.npmjs.org/pnpm 27ms (cache hit)
16 silly packumentCache full:https://registry.npmjs.org/pnpm set size:5261366 disposed:false
17 silly placeDep ROOT pnpm@10.30.3 OK for:  want: *
18 silly reify moves {}
19 http cache pnpm@https://registry.npmjs.org/pnpm/-/pnpm-10.30.3.tgz 0ms (cache hit)
20 silly tarball no local data for pnpm@https://registry.npmjs.org/pnpm/-/pnpm-10.30.3.tgz. Extracting by manifest.
21 http fetch GET 200 https://registry.npmjs.org/pnpm/-/pnpm-10.30.3.tgz 930ms (cache miss)
22 silly ADD node_modules/pnpm
23 verbose cwd /home/v0id
24 verbose os Linux 6.8.0-100-generic
25 verbose node v22.22.0
26 verbose npm  v10.9.4
27 verbose exit 0
28 info ok
